Build started 08/04/2014 15:21:59.
     1>Project "E:\G52CPP CW20132\src\CourseworkBase.vcxproj" on node 2 (Build target(s)).
     1>ClCompile:
         C:\Program Files (x86)\Microsoft Visual Studio 11.0\VC\bin\CL.exe /c /I"..\SDL_ttf-2.0.9\include" /I"..\SDL-1.2.13\include" /ZI /nologo /W1 /WX- /Od /Oy- /Gm- /EHsc /MD /GS /fp:precise /Zc:wchar_t /Zc:forScope /Fo"E:\G52CPP CW20132\/Debug\\" /Fd"E:\G52CPP CW20132\/Debug\vc110.pdb" /FR"E:\G52CPP CW20132\/Debug\\" /Gd /TP /analyze- /errorReport:prompt demo.cpp demoObject.cpp GameMain.cpp GameMainFruit.cpp GameMainMonster.cpp GameMainObject.cpp GameMainPlatform.cpp mainfunction.cpp BaseEngine.cpp DisplayableObject.cpp FontManager.cpp JPGImage.cpp MyProjectMain.cpp TileManager.cpp BouncingBall.cpp BouncingBallMain.cpp Demo2aMain.cpp Demo2Main.cpp Demo2Object.cpp Demo2TileManager.cpp Demo3Main.cpp Demo3Object.cpp Demo3ObjectFinished.cpp Demo3TileManager.cpp Demo4Main.cpp Demo4Object.cpp Demo4TileManager.cpp
         demo.cpp
         demoObject.cpp
         GameMain.cpp
         GameMainFruit.cpp
         GameMainMonster.cpp
         GameMainObject.cpp
         GameMainPlatform.cpp
         mainfunction.cpp
         BaseEngine.cpp
         DisplayableObject.cpp
         FontManager.cpp
         JPGImage.cpp
         MyProjectMain.cpp
         TileManager.cpp
         BouncingBall.cpp
         BouncingBallMain.cpp
         Demo2aMain.cpp
         Demo2Main.cpp
         Demo2Object.cpp
         Demo2TileManager.cpp
         Generating Code...
         Compiling...
         Demo3Main.cpp
         Demo3Object.cpp
         Demo3ObjectFinished.cpp
         Demo3TileManager.cpp
         Demo4Main.cpp
         Demo4Object.cpp
         Demo4TileManager.cpp
         Generating Code...
       Link:
         C:\Program Files (x86)\Microsoft Visual Studio 11.0\VC\bin\link.exe /ERRORREPORT:PROMPT /OUT:"E:\G52CPP CW20132\/Debug\CourseworkBase.exe" /NOLOGO /LIBPATH:"..\SDL-1.2.13\lib" /LIBPATH:"..\SDL_ttf-2.0.9\lib" sdl.lib sdlmain.lib SDL_ttf.lib SDL_image.lib kernel32.lib user32.lib gdi32.lib winspool.lib comdlg32.lib advapi32.lib shell32.lib ole32.lib oleaut32.lib uuid.lib odbc32.lib odbccp32.lib /MANIFEST /MANIFESTUAC:"level='asInvoker' uiAccess='false'" /manifest:embed /DEBUG /PDB:"E:\G52CPP CW20132\/Debug\CourseworkBase.pdb" /MAP:"map" /SUBSYSTEM:CONSOLE /TLBID:1 /ENTRY:"mainCRTStartup" /DYNAMICBASE:NO /IMPLIB:"E:\G52CPP CW20132\/Debug\CourseworkBase.lib" /MACHINE:X86 /SAFESEH "E:\G52CPP CW20132\/Debug\demo.obj"
         "E:\G52CPP CW20132\/Debug\demoObject.obj"
         "E:\G52CPP CW20132\/Debug\GameMain.obj"
         "E:\G52CPP CW20132\/Debug\GameMainFruit.obj"
         "E:\G52CPP CW20132\/Debug\GameMainMonster.obj"
         "E:\G52CPP CW20132\/Debug\GameMainObject.obj"
         "E:\G52CPP CW20132\/Debug\GameMainPlatform.obj"
         "E:\G52CPP CW20132\/Debug\mainfunction.obj"
         "E:\G52CPP CW20132\/Debug\BaseEngine.obj"
         "E:\G52CPP CW20132\/Debug\DisplayableObject.obj"
         "E:\G52CPP CW20132\/Debug\FontManager.obj"
         "E:\G52CPP CW20132\/Debug\JPGImage.obj"
         "E:\G52CPP CW20132\/Debug\MyProjectMain.obj"
         "E:\G52CPP CW20132\/Debug\TileManager.obj"
         "E:\G52CPP CW20132\/Debug\BouncingBall.obj"
         "E:\G52CPP CW20132\/Debug\BouncingBallMain.obj"
         "E:\G52CPP CW20132\/Debug\Demo2aMain.obj"
         "E:\G52CPP CW20132\/Debug\Demo2Main.obj"
         "E:\G52CPP CW20132\/Debug\Demo2Object.obj"
         "E:\G52CPP CW20132\/Debug\Demo2TileManager.obj"
         "E:\G52CPP CW20132\/Debug\Demo3Main.obj"
         "E:\G52CPP CW20132\/Debug\Demo3Object.obj"
         "E:\G52CPP CW20132\/Debug\Demo3ObjectFinished.obj"
         "E:\G52CPP CW20132\/Debug\Demo3TileManager.obj"
         "E:\G52CPP CW20132\/Debug\Demo4Main.obj"
         "E:\G52CPP CW20132\/Debug\Demo4Object.obj"
         "E:\G52CPP CW20132\/Debug\Demo4TileManager.obj"
     1>demo.obj : warning LNK4075: ignoring '/EDITANDCONTINUE' due to '/SAFESEH' specification
         CourseworkBase.vcxproj -> E:\G52CPP CW20132\/Debug\CourseworkBase.exe
       BscMake:
         C:\Program Files (x86)\Microsoft Visual Studio 11.0\VC\bin\bscmake.exe /nologo /o"E:\G52CPP CW20132\/Debug\CourseworkBase.bsc" "E:\G52CPP CW20132\/Debug\demo.sbr" "E:\G52CPP CW20132\/Debug\demoObject.sbr" "E:\G52CPP CW20132\/Debug\GameMain.sbr" "E:\G52CPP CW20132\/Debug\GameMainFruit.sbr" "E:\G52CPP CW20132\/Debug\GameMainMonster.sbr" "E:\G52CPP CW20132\/Debug\GameMainObject.sbr" "E:\G52CPP CW20132\/Debug\GameMainPlatform.sbr" "E:\G52CPP CW20132\/Debug\mainfunction.sbr" "E:\G52CPP CW20132\/Debug\BaseEngine.sbr" "E:\G52CPP CW20132\/Debug\DisplayableObject.sbr" "E:\G52CPP CW20132\/Debug\FontManager.sbr" "E:\G52CPP CW20132\/Debug\JPGImage.sbr" "E:\G52CPP CW20132\/Debug\MyProjectMain.sbr" "E:\G52CPP CW20132\/Debug\TileManager.sbr" "E:\G52CPP CW20132\/Debug\BouncingBall.sbr" "E:\G52CPP CW20132\/Debug\BouncingBallMain.sbr" "E:\G52CPP CW20132\/Debug\Demo2aMain.sbr" "E:\G52CPP CW20132\/Debug\Demo2Main.sbr" "E:\G52CPP CW20132\/Debug\Demo2Object.sbr" "E:\G52CPP CW20132\/Debug\Demo2TileManager.sbr" "E:\G52CPP CW20132\/Debug\Demo3Main.sbr" "E:\G52CPP CW20132\/Debug\Demo3Object.sbr" "E:\G52CPP CW20132\/Debug\Demo3ObjectFinished.sbr" "E:\G52CPP CW20132\/Debug\Demo3TileManager.sbr" "E:\G52CPP CW20132\/Debug\Demo4Main.sbr" "E:\G52CPP CW20132\/Debug\Demo4Object.sbr" "E:\G52CPP CW20132\/Debug\Demo4TileManager.sbr"
     1>Done Building Project "E:\G52CPP CW20132\src\CourseworkBase.vcxproj" (Build target(s)).

Build succeeded.

Time Elapsed 00:00:12.80
