Build started 4/7/2014 11:23:08 PM.
Project "\\psf\Home\Desktop\G52CPP CW20132\src\CourseworkBase.vcxproj" on node 2 (Build target(s)).
Link:
  C:\Program Files (x86)\Microsoft Visual Studio 11.0\VC\bin\link.exe /ERRORREPORT:PROMPT /OUT:"\\psf\Home\Desktop\G52CPP CW20132\/Release\CourseworkBase.exe" /NOLOGO /LIBPATH:"..\SDL-1.2.13\lib" /LIBPATH:"..\SDL_ttf-2.0.9\lib" sdl.lib sdlmain.lib SDL_ttf.lib SDL_image.lib kernel32.lib user32.lib gdi32.lib winspool.lib comdlg32.lib advapi32.lib shell32.lib ole32.lib oleaut32.lib uuid.lib odbc32.lib odbccp32.lib /NODEFAULTLIB:libcmt.lib /MANIFEST /MANIFESTUAC:"level='asInvoker' uiAccess='false'" /manifest:embed /PDB:"\\psf\Home\Desktop\G52CPP CW20132\/Release\CourseworkBase.pdb" /SUBSYSTEM:CONSOLE /TLBID:1 /ENTRY:"mainCRTStartup" /DYNAMICBASE:NO /IMPLIB:"\\psf\Home\Desktop\G52CPP CW20132\/Release\CourseworkBase.lib" /MACHINE:X86 /SAFESEH "\\psf\Home\Desktop\G52CPP CW20132\/Release\demo.obj"
  "\\psf\Home\Desktop\G52CPP CW20132\/Release\demoObject.obj"
  "\\psf\Home\Desktop\G52CPP CW20132\/Release\GameMain.obj"
  "\\psf\Home\Desktop\G52CPP CW20132\/Release\GameMainFruit.obj"
  "\\psf\Home\Desktop\G52CPP CW20132\/Release\GameMainMonster.obj"
  "\\psf\Home\Desktop\G52CPP CW20132\/Release\GameMainObject.obj"
  "\\psf\Home\Desktop\G52CPP CW20132\/Release\GameMainPlatform.obj"
  "\\psf\Home\Desktop\G52CPP CW20132\/Release\mainfunction.obj"
  "\\psf\Home\Desktop\G52CPP CW20132\/Release\BaseEngine.obj"
  "\\psf\Home\Desktop\G52CPP CW20132\/Release\DisplayableObject.obj"
  "\\psf\Home\Desktop\G52CPP CW20132\/Release\FontManager.obj"
  "\\psf\Home\Desktop\G52CPP CW20132\/Release\JPGImage.obj"
  "\\psf\Home\Desktop\G52CPP CW20132\/Release\MyProjectMain.obj"
  "\\psf\Home\Desktop\G52CPP CW20132\/Release\TileManager.obj"
  "\\psf\Home\Desktop\G52CPP CW20132\/Release\BouncingBall.obj"
  "\\psf\Home\Desktop\G52CPP CW20132\/Release\BouncingBallMain.obj"
  "\\psf\Home\Desktop\G52CPP CW20132\/Release\Demo2aMain.obj"
  "\\psf\Home\Desktop\G52CPP CW20132\/Release\Demo2Main.obj"
  "\\psf\Home\Desktop\G52CPP CW20132\/Release\Demo2Object.obj"
  "\\psf\Home\Desktop\G52CPP CW20132\/Release\Demo2TileManager.obj"
  "\\psf\Home\Desktop\G52CPP CW20132\/Release\Demo3Main.obj"
  "\\psf\Home\Desktop\G52CPP CW20132\/Release\Demo3Object.obj"
  "\\psf\Home\Desktop\G52CPP CW20132\/Release\Demo3ObjectFinished.obj"
  "\\psf\Home\Desktop\G52CPP CW20132\/Release\Demo3TileManager.obj"
  "\\psf\Home\Desktop\G52CPP CW20132\/Release\Demo4Main.obj"
  "\\psf\Home\Desktop\G52CPP CW20132\/Release\Demo4Object.obj"
  "\\psf\Home\Desktop\G52CPP CW20132\/Release\Demo4TileManager.obj"
  CourseworkBase.vcxproj -> \\psf\Home\Desktop\G52CPP CW20132\/Release\CourseworkBase.exe
Done Building Project "\\psf\Home\Desktop\G52CPP CW20132\src\CourseworkBase.vcxproj" (Build target(s)).

Build succeeded.

Time Elapsed 00:00:01.15
